<?xml version="1.0" encoding="UTF-8"?>
<!-- Generated by org.testng.reporters.JUnitReportReporter -->
<testsuite hostname="DESKTOP-8SU807H" name="com.qa.appadmin.testCases.AppAdminReportDownloadPageTest" tests="1" failures="0" timestamp="28 May 2018 18:33:54 GMT" time="47.897" errors="0">
  <testcase name="verifyDownloadLink" time="47.897" classname="com.qa.appadmin.testCases.AppAdminReportDownloadPageTest"/>
</testsuite> <!-- com.qa.appadmin.testCases.AppAdminReportDownloadPageTest -->
