<?xml version="1.0" encoding="UTF-8"?>
<!-- Generated by org.testng.reporters.JUnitReportReporter -->
<testsuite hostname="DESKTOP-8SU807H" name="com.qa.appadmin.testCases.AddStudiesPageTest" tests="4" failures="0" timestamp="29 May 2018 07:21:55 GMT" time="97.306" errors="0">
  <testcase name="verifySubmitButtonTest" time="16.622" classname="com.qa.appadmin.testCases.AddStudiesPageTest"/>
  <testcase name="verifySubmitButtonTest" time="14.049" classname="com.qa.appadmin.testCases.AddStudiesPageTest"/>
  <testcase name="verifySubmitButtonTest" time="14.695" classname="com.qa.appadmin.testCases.AddStudiesPageTest"/>
  <testcase name="verifySubmitButtonTest" time="51.940" classname="com.qa.appadmin.testCases.AddStudiesPageTest"/>
</testsuite> <!-- com.qa.appadmin.testCases.AddStudiesPageTest -->
