<?xml version="1.0" encoding="UTF-8"?>
<!-- Generated by org.testng.reporters.JUnitReportReporter -->
<testsuite hostname="DESKTOP-8SU807H" name="com.qa.appadmin.testCases.AppAdminReportPageTest" tests="11" failures="0" timestamp="28 May 2018 12:15:19 GMT" time="437.408" errors="0">
  <testcase name="verifyUserNameTest" time="37.161" classname="com.qa.appadmin.testCases.AppAdminReportPageTest"/>
  <testcase name="LogoutTest" time="38.756" classname="com.qa.appadmin.testCases.AppAdminReportPageTest"/>
  <testcase name="ChangePasswordTest" time="38.355" classname="com.qa.appadmin.testCases.AppAdminReportPageTest"/>
  <testcase name="verifyReportPage" time="37.849" classname="com.qa.appadmin.testCases.AppAdminReportPageTest"/>
  <testcase name="verifyReportPage" time="36.414" classname="com.qa.appadmin.testCases.AppAdminReportPageTest"/>
  <testcase name="verifyReportPage" time="44.363" classname="com.qa.appadmin.testCases.AppAdminReportPageTest"/>
  <testcase name="verifyReportPage" time="38.109" classname="com.qa.appadmin.testCases.AppAdminReportPageTest"/>
  <testcase name="verifyReportPage" time="36.925" classname="com.qa.appadmin.testCases.AppAdminReportPageTest"/>
  <testcase name="homePageTitleTest" time="36.560" classname="com.qa.appadmin.testCases.AppAdminReportPageTest"/>
  <testcase name="verifyReportPage" time="55.023" classname="com.qa.appadmin.testCases.AppAdminReportPageTest"/>
  <testcase name="verifyReportPage" time="37.893" classname="com.qa.appadmin.testCases.AppAdminReportPageTest"/>
</testsuite> <!-- com.qa.appadmin.testCases.AppAdminReportPageTest -->
