<?xml version="1.0" encoding="UTF-8"?>
<!-- Generated by org.testng.reporters.JUnitReportReporter -->
<testsuite hostname="DESKTOP-8SU807H" name="com.qa.testCases.AddNewUserPageTest" tests="5" failures="0" timestamp="23 May 2018 10:29:12 GMT" time="66.598" errors="0">
  <testcase name="verifyAddNewUsers" time="14.589" classname="com.qa.testCases.AddNewUserPageTest"/>
  <testcase name="verifyAddNewUsers" time="12.801" classname="com.qa.testCases.AddNewUserPageTest"/>
  <testcase name="verifyAddNewUsers" time="16.217" classname="com.qa.testCases.AddNewUserPageTest"/>
  <testcase name="verifyAddNewUsers" time="12.388" classname="com.qa.testCases.AddNewUserPageTest"/>
  <testcase name="verifyAddNewUsers" time="10.603" classname="com.qa.testCases.AddNewUserPageTest"/>
</testsuite> <!-- com.qa.testCases.AddNewUserPageTest -->
