<?xml version="1.0" encoding="UTF-8"?>
<!-- Generated by org.testng.reporters.JUnitReportReporter -->
<testsuite hostname="DESKTOP-8SU807H" name="com.qa.testCases.HomePageTest" tests="6" failures="0" timestamp="22 May 2018 13:49:27 GMT" time="86.336" errors="0">
  <testcase name="AddNewUserTest" time="22.735" classname="com.qa.testCases.HomePageTest"/>
  <testcase name="ListUserTest" time="9.398" classname="com.qa.testCases.HomePageTest"/>
  <testcase name="verifyUserNameTest" time="19.863" classname="com.qa.testCases.HomePageTest"/>
  <testcase name="ChangePasswordTest" time="17.513" classname="com.qa.testCases.HomePageTest"/>
  <testcase name="LogoutTest" time="8.106" classname="com.qa.testCases.HomePageTest"/>
  <testcase name="homePageTitleTest" time="8.721" classname="com.qa.testCases.HomePageTest"/>
</testsuite> <!-- com.qa.testCases.HomePageTest -->
