<?xml version="1.0" encoding="UTF-8"?>
<!-- Generated by org.testng.reporters.JUnitReportReporter -->
<testsuite hostname="DESKTOP-8SU807H" name="com.qa.appadmin.testCases.AppAdminHomePageTest" tests="6" failures="0" timestamp="25 May 2018 10:57:31 GMT" time="48.179" errors="0">
  <testcase name="verifyUserNameTest" time="6.919" classname="com.qa.appadmin.testCases.AppAdminHomePageTest"/>
  <testcase name="ChangePasswordTest" time="7.811" classname="com.qa.appadmin.testCases.AppAdminHomePageTest"/>
  <testcase name="homePageTitleTest" time="7.343" classname="com.qa.appadmin.testCases.AppAdminHomePageTest"/>
  <testcase name="ConfigurationTest" time="8.189" classname="com.qa.appadmin.testCases.AppAdminHomePageTest"/>
  <testcase name="ReportsTest" time="9.269" classname="com.qa.appadmin.testCases.AppAdminHomePageTest"/>
  <testcase name="LogoutTest" time="8.648" classname="com.qa.appadmin.testCases.AppAdminHomePageTest"/>
</testsuite> <!-- com.qa.appadmin.testCases.AppAdminHomePageTest -->
