<?xml version="1.0" encoding="UTF-8"?>
<!-- Generated by org.testng.reporters.JUnitReportReporter -->
<testsuite hostname="DESKTOP-8SU807H" name="com.qa.appadmin.testCases.AppAdminStudiesPageTest" tests="1" failures="0" timestamp="4 Jun 2018 11:23:31 GMT" time="25.012" errors="0">
  <testcase name="verifyClickOnAddNewLink" time="25.012" classname="com.qa.appadmin.testCases.AppAdminStudiesPageTest"/>
</testsuite> <!-- com.qa.appadmin.testCases.AppAdminStudiesPageTest -->
