<?xml version="1.0" encoding="UTF-8"?>
<!-- Generated by org.testng.reporters.JUnitReportReporter -->
<testsuite hostname="DESKTOP-8SU807H" name="com.qa.appadmin.testCases.AppAdminConfigurationPageTest" tests="9" failures="0" timestamp="29 May 2018 05:52:13 GMT" time="117.401" errors="0">
  <testcase name="verifyUserNameTest" time="12.080" classname="com.qa.appadmin.testCases.AppAdminConfigurationPageTest"/>
  <testcase name="LogoutTest" time="12.447" classname="com.qa.appadmin.testCases.AppAdminConfigurationPageTest"/>
  <testcase name="verifyClickOnViewLink" time="13.985" classname="com.qa.appadmin.testCases.AppAdminConfigurationPageTest"/>
  <testcase name="verifyClickOnApplyLink" time="14.673" classname="com.qa.appadmin.testCases.AppAdminConfigurationPageTest"/>
  <testcase name="verifyClickOnConfigLink" time="11.862" classname="com.qa.appadmin.testCases.AppAdminConfigurationPageTest"/>
  <testcase name="ChangePasswordTest" time="11.700" classname="com.qa.appadmin.testCases.AppAdminConfigurationPageTest"/>
  <testcase name="verifyClickOnAddNewLink" time="16.482" classname="com.qa.appadmin.testCases.AppAdminConfigurationPageTest"/>
  <testcase name="ConfigPageTitleTest" time="11.402" classname="com.qa.appadmin.testCases.AppAdminConfigurationPageTest"/>
  <testcase name="verifyClickOnDeleteLink" time="12.770" classname="com.qa.appadmin.testCases.AppAdminConfigurationPageTest"/>
</testsuite> <!-- com.qa.appadmin.testCases.AppAdminConfigurationPageTest -->
