<?xml version="1.0" encoding="UTF-8"?>
<!-- Generated by org.testng.reporters.JUnitReportReporter -->
<testsuite hostname="DESKTOP-8SU807H" name="com.qa.testCases.loginPageTest" tests="3" failures="0" timestamp="22 May 2018 13:27:35 GMT" time="51.064" errors="0">
  <testcase name="loginTest" time="11.607" classname="com.qa.testCases.loginPageTest"/>
  <testcase name="loginPageTitleTest" time="30.103" classname="com.qa.testCases.loginPageTest"/>
  <testcase name="norwichLogoTest" time="9.354" classname="com.qa.testCases.loginPageTest"/>
</testsuite> <!-- com.qa.testCases.loginPageTest -->
