<?xml version="1.0" encoding="UTF-8"?>
<!-- Generated by org.testng.reporters.JUnitReportReporter -->
<testsuite hostname="DESKTOP-8SU807H" name="com.qa.admin.testCases.AdminHomePageTest" tests="1" failures="0" timestamp="25 May 2018 10:53:08 GMT" time="12.199" errors="0">
  <testcase name="LogoutTest" time="12.199" classname="com.qa.admin.testCases.AdminHomePageTest"/>
</testsuite> <!-- com.qa.admin.testCases.AdminHomePageTest -->
