<?xml version="1.0" encoding="UTF-8"?>
<!-- Generated by org.testng.reporters.JUnitReportReporter -->
<testsuite hostname="DESKTOP-8SU807H" name="com.qa.appadmin.testCases.AppAdminChangePasswordPageTest" tests="1" failures="0" timestamp="25 May 2018 10:59:01 GMT" time="9.471" errors="0">
  <testcase name="verifyChangePassword" time="9.471" classname="com.qa.appadmin.testCases.AppAdminChangePasswordPageTest"/>
</testsuite> <!-- com.qa.appadmin.testCases.AppAdminChangePasswordPageTest -->
