<?xml version="1.0" encoding="UTF-8"?>
<!-- Generated by org.testng.reporters.JUnitReportReporter -->
<testsuite hostname="DESKTOP-8SU807H" name="com.qa.appadmin.testCases.AppAdminDeleteConfirmationPageTest" tests="1" failures="0" timestamp="29 May 2018 09:47:43 GMT" time="36.440" errors="0">
  <testcase name="verifyDeleteButton" time="36.440" classname="com.qa.appadmin.testCases.AppAdminDeleteConfirmationPageTest"/>
</testsuite> <!-- com.qa.appadmin.testCases.AppAdminDeleteConfirmationPageTest -->
